<?xml version="1.0" encoding="UTF-8" ?>
<testsuites>
  <testsuite errors="0" failures="0" hostname="xnote" id="0" name="ContactControllerTests" package="" tests="1" time="0.423" timestamp="2009-03-22T22:50:39">
      <properties />

      <testcase classname="ContactControllerTests" name="testSomething" time="0.423" />

      <system-out><![CDATA[--Output from testSomething--
]]></system-out>

      <system-err><![CDATA[--Output from testSomething--
]]></system-err>

  </testsuite>
  <testsuite errors="0" failures="0" hostname="xnote" id="1" name="ContactTests" package="" tests="1" time="1.47" timestamp="2009-03-22T22:50:52">
      <properties />

      <testcase classname="ContactTests" name="testTaggable" time="1.428" />

      <system-out><![CDATA[--Output from testTaggable--
[boss, interest-in-linux, interest-in-java]
[Contact : 1]
]]></system-out>

      <system-err><![CDATA[--Output from testTaggable--
]]></system-err>

  </testsuite>
  <testsuite errors="0" failures="0" hostname="xnote" id="2" name="TagTests" package="" tests="1" time="0.376" timestamp="2009-03-22T22:50:38">
      <properties />

      <testcase classname="TagTests" name="testSomething" time="0.375" />

      <system-out><![CDATA[--Output from testSomething--
]]></system-out>

      <system-err><![CDATA[--Output from testSomething--
]]></system-err>

  </testsuite>
</testsuites>
